<?xml version="1.0" encoding="UTF-8"?>
<coverage generated="1643618923886" clover="3.2.0">
  <project timestamp="1643618923886" name="All files">
    <metrics statements="46" coveredstatements="45" conditionals="33" coveredconditionals="32" methods="4" coveredmethods="4" elements="83" coveredelements="81" complexity="0" loc="46" ncloc="46" packages="1" files="4" classes="4"/>
    <file name="convertToAbsolutePath.js" path="/home/timyr/Рабочий стол/backend-project-lvl2/src/convertToAbsolutePath.js">
      <metrics statements="5" coveredstatements="5" conditionals="2" coveredconditionals="2" methods="1" coveredmethods="1"/>
      <line num="3" count="2" type="stmt"/>
      <line num="4" count="6" type="stmt"/>
      <line num="5" count="6" type="cond" truecount="2" falsecount="0"/>
      <line num="6" count="1" type="stmt"/>
      <line num="8" count="5" type="stmt"/>
    </file>
    <file name="fileParser.js" path="/home/timyr/Рабочий стол/backend-project-lvl2/src/fileParser.js">
      <metrics statements="6" coveredstatements="5" conditionals="6" coveredconditionals="5" methods="1" coveredmethods="1"/>
      <line num="5" count="1" type="stmt"/>
      <line num="6" count="4" type="cond" truecount="2" falsecount="0"/>
      <line num="7" count="2" type="stmt"/>
      <line num="8" count="2" type="cond" truecount="3" falsecount="1"/>
      <line num="9" count="2" type="stmt"/>
      <line num="11" count="0" type="stmt"/>
    </file>
    <file name="filediff.js" path="/home/timyr/Рабочий стол/backend-project-lvl2/src/filediff.js">
      <metrics statements="19" coveredstatements="19" conditionals="14" coveredconditionals="14" methods="1" coveredmethods="1"/>
      <line num="4" count="1" type="stmt"/>
      <line num="5" count="1" type="stmt"/>
      <line num="6" count="1" type="stmt"/>
      <line num="9" count="10" type="stmt"/>
      <line num="10" count="10" type="stmt"/>
      <line num="11" count="10" type="stmt"/>
      <line num="12" count="10" type="stmt"/>
      <line num="13" count="26" type="stmt"/>
      <line num="14" count="98" type="cond" truecount="4" falsecount="0"/>
      <line num="15" count="24" type="cond" truecount="2" falsecount="0"/>
      <line num="16" count="8" type="stmt"/>
      <line num="19" count="98" type="cond" truecount="4" falsecount="0"/>
      <line num="20" count="6" type="stmt"/>
      <line num="23" count="26" type="cond" truecount="2" falsecount="0"/>
      <line num="24" count="12" type="stmt"/>
      <line num="27" count="10" type="stmt"/>
      <line num="28" count="32" type="cond" truecount="2" falsecount="0"/>
      <line num="29" count="18" type="stmt"/>
      <line num="32" count="10" type="stmt"/>
    </file>
    <file name="stylish.js" path="/home/timyr/Рабочий стол/backend-project-lvl2/src/stylish.js">
      <metrics statements="16" coveredstatements="16" conditionals="11" coveredconditionals="11" methods="1" coveredmethods="1"/>
      <line num="4" count="1" type="stmt"/>
      <line num="7" count="24" type="stmt"/>
      <line num="8" count="24" type="stmt"/>
      <line num="9" count="24" type="stmt"/>
      <line num="10" count="62" type="stmt"/>
      <line num="11" count="62" type="cond" truecount="4" falsecount="0"/>
      <line num="12" count="30" type="cond" truecount="2" falsecount="0"/>
      <line num="13" count="12" type="stmt"/>
      <line num="15" count="30" type="cond" truecount="2" falsecount="0"/>
      <line num="16" count="8" type="stmt"/>
      <line num="18" count="22" type="stmt"/>
      <line num="20" count="32" type="cond" truecount="2" falsecount="0"/>
      <line num="21" count="14" type="stmt"/>
      <line num="23" count="18" type="stmt"/>
      <line num="26" count="24" type="stmt"/>
      <line num="27" count="24" type="stmt"/>
    </file>
  </project>
</coverage>
