{"/home/timyr/Рабочий стол/backend-project-lvl2/src/convertToAbsolutePath.js": {"path":"/home/timyr/Рабочий стол/backend-project-lvl2/src/convertToAbsolutePath.js","statementMap":{"0":{"start":{"line":3,"column":16},"end":{"line":9,"column":1}},"1":{"start":{"line":4,"column":27},"end":{"line":4,"column":32}},"2":{"start":{"line":5,"column":2},"end":{"line":7,"column":3}},"3":{"start":{"line":6,"column":4},"end":{"line":6,"column":17}},"4":{"start":{"line":8,"column":2},"end":{"line":8,"column":40}}},"fnMap":{"0":{"name":"(anonymous_0)","decl":{"start":{"line":3,"column":16},"end":{"line":3,"column":17}},"loc":{"start":{"line":3,"column":27},"end":{"line":9,"column":1}},"line":3}},"branchMap":{"0":{"loc":{"start":{"line":5,"column":2},"end":{"line":7,"column":3}},"type":"if","locations":[{"start":{"line":5,"column":2},"end":{"line":7,"column":3}},{"start":{},"end":{}}],"line":5}},"s":{"0":1,"1":4,"2":4,"3":0,"4":4},"f":{"0":4},"b":{"0":[0,4]},"_coverageSchema":"1a1c01bbd47fc00a2c39e90264f33305004495a9","hash":"24d15f7f7ae15f12ac67258a5c282417831d7c76"}
,"/home/timyr/Рабочий стол/backend-project-lvl2/src/fileParser.js": {"path":"/home/timyr/Рабочий стол/backend-project-lvl2/src/fileParser.js","statementMap":{"0":{"start":{"line":5,"column":15},"end":{"line":12,"column":1}},"1":{"start":{"line":6,"column":2},"end":{"line":8,"column":3}},"2":{"start":{"line":7,"column":4},"end":{"line":7,"column":54}},"3":{"start":{"line":8,"column":4},"end":{"line":10,"column":3}},"4":{"start":{"line":9,"column":4},"end":{"line":9,"column":55}},"5":{"start":{"line":11,"column":2},"end":{"line":11,"column":24}}},"fnMap":{"0":{"name":"(anonymous_0)","decl":{"start":{"line":5,"column":15},"end":{"line":5,"column":16}},"loc":{"start":{"line":5,"column":29},"end":{"line":12,"column":1}},"line":5}},"branchMap":{"0":{"loc":{"start":{"line":6,"column":2},"end":{"line":8,"column":3}},"type":"if","locations":[{"start":{"line":6,"column":2},"end":{"line":8,"column":3}},{"start":{},"end":{}}],"line":6},"1":{"loc":{"start":{"line":8,"column":4},"end":{"line":10,"column":3}},"type":"if","locations":[{"start":{"line":8,"column":4},"end":{"line":10,"column":3}},{"start":{},"end":{}}],"line":8},"2":{"loc":{"start":{"line":8,"column":8},"end":{"line":8,"column":79}},"type":"binary-expr","locations":[{"start":{"line":8,"column":8},"end":{"line":8,"column":42}},{"start":{"line":8,"column":46},"end":{"line":8,"column":79}}],"line":8}},"s":{"0":1,"1":4,"2":2,"3":2,"4":2,"5":0},"f":{"0":4},"b":{"0":[2,2],"1":[2,0],"2":[2,2]},"_coverageSchema":"1a1c01bbd47fc00a2c39e90264f33305004495a9","hash":"18f3b78386287edad7f775ec8f6aff2267447f09"}
,"/home/timyr/Рабочий стол/backend-project-lvl2/src/filediff.js": {"path":"/home/timyr/Рабочий стол/backend-project-lvl2/src/filediff.js","statementMap":{"0":{"start":{"line":4,"column":16},"end":{"line":4,"column":25}},"1":{"start":{"line":5,"column":14},"end":{"line":5,"column":21}},"2":{"start":{"line":6,"column":19},"end":{"line":6,"column":32}},"3":{"start":{"line":7,"column":16},"end":{"line":7,"column":25}},"4":{"start":{"line":9,"column":16},"end":{"line":45,"column":1}},"5":{"start":{"line":10,"column":18},"end":{"line":10,"column":54}},"6":{"start":{"line":11,"column":20},"end":{"line":11,"column":45}},"7":{"start":{"line":12,"column":17},"end":{"line":40,"column":4}},"8":{"start":{"line":13,"column":4},"end":{"line":19,"column":5}},"9":{"start":{"line":14,"column":6},"end":{"line":18,"column":8}},"10":{"start":{"line":19,"column":6},"end":{"line":25,"column":5}},"11":{"start":{"line":20,"column":6},"end":{"line":24,"column":8}},"12":{"start":{"line":25,"column":6},"end":{"line":31,"column":5}},"13":{"start":{"line":26,"column":6},"end":{"line":30,"column":8}},"14":{"start":{"line":31,"column":6},"end":{"line":38,"column":5}},"15":{"start":{"line":32,"column":6},"end":{"line":37,"column":8}},"16":{"start":{"line":39,"column":4},"end":{"line":39,"column":56}},"17":{"start":{"line":41,"column":2},"end":{"line":43,"column":3}},"18":{"start":{"line":42,"column":4},"end":{"line":42,"column":40}},"19":{"start":{"line":44,"column":2},"end":{"line":44,"column":16}}},"fnMap":{"0":{"name":"(anonymous_0)","decl":{"start":{"line":9,"column":16},"end":{"line":9,"column":17}},"loc":{"start":{"line":9,"column":65},"end":{"line":45,"column":1}},"line":9},"1":{"name":"(anonymous_1)","decl":{"start":{"line":12,"column":31},"end":{"line":12,"column":32}},"loc":{"start":{"line":12,"column":40},"end":{"line":40,"column":3}},"line":12}},"branchMap":{"0":{"loc":{"start":{"line":9,"column":31},"end":{"line":9,"column":40}},"type":"default-arg","locations":[{"start":{"line":9,"column":39},"end":{"line":9,"column":40}}],"line":9},"1":{"loc":{"start":{"line":9,"column":42},"end":{"line":9,"column":60}},"type":"default-arg","locations":[{"start":{"line":9,"column":51},"end":{"line":9,"column":60}}],"line":9},"2":{"loc":{"start":{"line":13,"column":4},"end":{"line":19,"column":5}},"type":"if","locations":[{"start":{"line":13,"column":4},"end":{"line":19,"column":5}},{"start":{},"end":{}}],"line":13},"3":{"loc":{"start":{"line":13,"column":8},"end":{"line":13,"column":56}},"type":"binary-expr","locations":[{"start":{"line":13,"column":8},"end":{"line":13,"column":30}},{"start":{"line":13,"column":34},"end":{"line":13,"column":56}}],"line":13},"4":{"loc":{"start":{"line":19,"column":6},"end":{"line":25,"column":5}},"type":"if","locations":[{"start":{"line":19,"column":6},"end":{"line":25,"column":5}},{"start":{},"end":{}}],"line":19},"5":{"loc":{"start":{"line":19,"column":10},"end":{"line":19,"column":49}},"type":"binary-expr","locations":[{"start":{"line":19,"column":10},"end":{"line":19,"column":27}},{"start":{"line":19,"column":31},"end":{"line":19,"column":49}}],"line":19},"6":{"loc":{"start":{"line":25,"column":6},"end":{"line":31,"column":5}},"type":"if","locations":[{"start":{"line":25,"column":6},"end":{"line":31,"column":5}},{"start":{},"end":{}}],"line":25},"7":{"loc":{"start":{"line":25,"column":10},"end":{"line":25,"column":49}},"type":"binary-expr","locations":[{"start":{"line":25,"column":10},"end":{"line":25,"column":28}},{"start":{"line":25,"column":32},"end":{"line":25,"column":49}}],"line":25},"8":{"loc":{"start":{"line":31,"column":6},"end":{"line":38,"column":5}},"type":"if","locations":[{"start":{"line":31,"column":6},"end":{"line":38,"column":5}},{"start":{},"end":{}}],"line":31},"9":{"loc":{"start":{"line":41,"column":2},"end":{"line":43,"column":3}},"type":"if","locations":[{"start":{"line":41,"column":2},"end":{"line":43,"column":3}},{"start":{},"end":{}}],"line":41}},"s":{"0":1,"1":1,"2":1,"3":1,"4":1,"5":30,"6":30,"7":30,"8":108,"9":24,"10":84,"11":12,"12":72,"13":30,"14":42,"15":24,"16":18,"17":30,"18":6,"19":24},"f":{"0":30,"1":108},"b":{"0":[2],"1":[26],"2":[24,84],"3":[108,36],"4":[12,72],"5":[84,54],"6":[30,42],"7":[72,30],"8":[24,18],"9":[6,24]},"_coverageSchema":"1a1c01bbd47fc00a2c39e90264f33305004495a9","hash":"6b7f207ff15dba3cad3f0c6e477853a609845e37"}
,"/home/timyr/Рабочий стол/backend-project-lvl2/src/formatters/index.js": {"path":"/home/timyr/Рабочий стол/backend-project-lvl2/src/formatters/index.js","statementMap":{"0":{"start":{"line":5,"column":21},"end":{"line":12,"column":1}},"1":{"start":{"line":6,"column":2},"end":{"line":8,"column":3}},"2":{"start":{"line":7,"column":4},"end":{"line":7,"column":23}},"3":{"start":{"line":8,"column":4},"end":{"line":10,"column":3}},"4":{"start":{"line":9,"column":4},"end":{"line":9,"column":22}},"5":{"start":{"line":11,"column":2},"end":{"line":11,"column":23}}},"fnMap":{"0":{"name":"(anonymous_0)","decl":{"start":{"line":5,"column":21},"end":{"line":5,"column":22}},"loc":{"start":{"line":5,"column":39},"end":{"line":12,"column":1}},"line":5}},"branchMap":{"0":{"loc":{"start":{"line":6,"column":2},"end":{"line":8,"column":3}},"type":"if","locations":[{"start":{"line":6,"column":2},"end":{"line":8,"column":3}},{"start":{},"end":{}}],"line":6},"1":{"loc":{"start":{"line":8,"column":4},"end":{"line":10,"column":3}},"type":"if","locations":[{"start":{"line":8,"column":4},"end":{"line":10,"column":3}},{"start":{},"end":{}}],"line":8}},"s":{"0":1,"1":6,"2":2,"3":4,"4":2,"5":2},"f":{"0":6},"b":{"0":[2,4],"1":[2,2]},"_coverageSchema":"1a1c01bbd47fc00a2c39e90264f33305004495a9","hash":"b66463c66124f052b2888a81e48dee81b2eebd84"}
,"/home/timyr/Рабочий стол/backend-project-lvl2/src/formatters/json.js": {"path":"/home/timyr/Рабочий стол/backend-project-lvl2/src/formatters/json.js","statementMap":{"0":{"start":{"line":1,"column":13},"end":{"line":1,"column":43}},"1":{"start":{"line":1,"column":23},"end":{"line":1,"column":43}}},"fnMap":{"0":{"name":"(anonymous_0)","decl":{"start":{"line":1,"column":13},"end":{"line":1,"column":14}},"loc":{"start":{"line":1,"column":23},"end":{"line":1,"column":43}},"line":1}},"branchMap":{},"s":{"0":1,"1":2},"f":{"0":2},"b":{},"_coverageSchema":"1a1c01bbd47fc00a2c39e90264f33305004495a9","hash":"f4207b87e7eeb51f4767133e72fb81dde3f8724a"}
,"/home/timyr/Рабочий стол/backend-project-lvl2/src/formatters/plain.js": {"path":"/home/timyr/Рабочий стол/backend-project-lvl2/src/formatters/plain.js","statementMap":{"0":{"start":{"line":3,"column":14},"end":{"line":33,"column":1}},"1":{"start":{"line":4,"column":22},"end":{"line":12,"column":3}},"2":{"start":{"line":5,"column":4},"end":{"line":7,"column":5}},"3":{"start":{"line":6,"column":6},"end":{"line":6,"column":31}},"4":{"start":{"line":8,"column":4},"end":{"line":10,"column":5}},"5":{"start":{"line":9,"column":6},"end":{"line":9,"column":25}},"6":{"start":{"line":11,"column":4},"end":{"line":11,"column":16}},"7":{"start":{"line":13,"column":15},"end":{"line":31,"column":3}},"8":{"start":{"line":14,"column":19},"end":{"line":29,"column":6}},"9":{"start":{"line":15,"column":35},"end":{"line":15,"column":41}},"10":{"start":{"line":16,"column":23},"end":{"line":16,"column":62}},"11":{"start":{"line":17,"column":6},"end":{"line":21,"column":7}},"12":{"start":{"line":18,"column":8},"end":{"line":20,"column":9}},"13":{"start":{"line":19,"column":10},"end":{"line":19,"column":56}},"14":{"start":{"line":21,"column":8},"end":{"line":23,"column":7}},"15":{"start":{"line":22,"column":8},"end":{"line":22,"column":84}},"16":{"start":{"line":23,"column":8},"end":{"line":25,"column":7}},"17":{"start":{"line":24,"column":8},"end":{"line":24,"column":130}},"18":{"start":{"line":25,"column":8},"end":{"line":27,"column":7}},"19":{"start":{"line":26,"column":8},"end":{"line":26,"column":52}},"20":{"start":{"line":28,"column":6},"end":{"line":28,"column":16}},"21":{"start":{"line":30,"column":4},"end":{"line":30,"column":29}},"22":{"start":{"line":32,"column":2},"end":{"line":32,"column":30}}},"fnMap":{"0":{"name":"(anonymous_0)","decl":{"start":{"line":3,"column":14},"end":{"line":3,"column":15}},"loc":{"start":{"line":3,"column":30},"end":{"line":33,"column":1}},"line":3},"1":{"name":"(anonymous_1)","decl":{"start":{"line":4,"column":22},"end":{"line":4,"column":23}},"loc":{"start":{"line":4,"column":32},"end":{"line":12,"column":3}},"line":4},"2":{"name":"(anonymous_2)","decl":{"start":{"line":13,"column":15},"end":{"line":13,"column":16}},"loc":{"start":{"line":13,"column":42},"end":{"line":31,"column":3}},"line":13},"3":{"name":"(anonymous_3)","decl":{"start":{"line":14,"column":42},"end":{"line":14,"column":43}},"loc":{"start":{"line":14,"column":54},"end":{"line":29,"column":5}},"line":14}},"branchMap":{"0":{"loc":{"start":{"line":5,"column":4},"end":{"line":7,"column":5}},"type":"if","locations":[{"start":{"line":5,"column":4},"end":{"line":7,"column":5}},{"start":{},"end":{}}],"line":5},"1":{"loc":{"start":{"line":5,"column":8},"end":{"line":5,"column":46}},"type":"binary-expr","locations":[{"start":{"line":5,"column":8},"end":{"line":5,"column":24}},{"start":{"line":5,"column":28},"end":{"line":5,"column":46}}],"line":5},"2":{"loc":{"start":{"line":8,"column":4},"end":{"line":10,"column":5}},"type":"if","locations":[{"start":{"line":8,"column":4},"end":{"line":10,"column":5}},{"start":{},"end":{}}],"line":8},"3":{"loc":{"start":{"line":16,"column":23},"end":{"line":16,"column":62}},"type":"cond-expr","locations":[{"start":{"line":16,"column":31},"end":{"line":16,"column":56}},{"start":{"line":16,"column":59},"end":{"line":16,"column":62}}],"line":16},"4":{"loc":{"start":{"line":17,"column":6},"end":{"line":21,"column":7}},"type":"if","locations":[{"start":{"line":17,"column":6},"end":{"line":21,"column":7}},{"start":{},"end":{}}],"line":17},"5":{"loc":{"start":{"line":18,"column":8},"end":{"line":20,"column":9}},"type":"if","locations":[{"start":{"line":18,"column":8},"end":{"line":20,"column":9}},{"start":{},"end":{}}],"line":18},"6":{"loc":{"start":{"line":21,"column":8},"end":{"line":23,"column":7}},"type":"if","locations":[{"start":{"line":21,"column":8},"end":{"line":23,"column":7}},{"start":{},"end":{}}],"line":21},"7":{"loc":{"start":{"line":23,"column":8},"end":{"line":25,"column":7}},"type":"if","locations":[{"start":{"line":23,"column":8},"end":{"line":25,"column":7}},{"start":{},"end":{}}],"line":23},"8":{"loc":{"start":{"line":25,"column":8},"end":{"line":27,"column":7}},"type":"if","locations":[{"start":{"line":25,"column":8},"end":{"line":27,"column":7}},{"start":{},"end":{}}],"line":25}},"s":{"0":1,"1":2,"2":26,"3":6,"4":20,"5":14,"6":6,"7":2,"8":10,"9":36,"10":36,"11":36,"12":14,"13":8,"14":28,"15":10,"16":18,"17":8,"18":10,"19":4,"20":6,"21":10,"22":2},"f":{"0":2,"1":26,"2":10,"3":36},"b":{"0":[6,20],"1":[26,6],"2":[14,6],"3":[36,0],"4":[14,22],"5":[8,6],"6":[10,18],"7":[8,10],"8":[4,6]},"_coverageSchema":"1a1c01bbd47fc00a2c39e90264f33305004495a9","hash":"cc44c5afda5a324f1b3b523a878e0f43634999ba"}
,"/home/timyr/Рабочий стол/backend-project-lvl2/src/formatters/stylish.js": {"path":"/home/timyr/Рабочий стол/backend-project-lvl2/src/formatters/stylish.js","statementMap":{"0":{"start":{"line":3,"column":14},"end":{"line":3,"column":17}},"1":{"start":{"line":5,"column":20},"end":{"line":11,"column":1}},"2":{"start":{"line":6,"column":2},"end":{"line":9,"column":3}},"3":{"start":{"line":7,"column":19},"end":{"line":7,"column":127}},"4":{"start":{"line":7,"column":51},"end":{"line":7,"column":126}},"5":{"start":{"line":8,"column":4},"end":{"line":8,"column":70}},"6":{"start":{"line":10,"column":2},"end":{"line":10,"column":15}},"7":{"start":{"line":14,"column":15},"end":{"line":30,"column":3}},"8":{"start":{"line":15,"column":28},"end":{"line":28,"column":6}},"9":{"start":{"line":16,"column":35},"end":{"line":16,"column":41}},"10":{"start":{"line":17,"column":6},"end":{"line":22,"column":7}},"11":{"start":{"line":18,"column":8},"end":{"line":20,"column":9}},"12":{"start":{"line":19,"column":10},"end":{"line":19,"column":90}},"13":{"start":{"line":21,"column":8},"end":{"line":21,"column":62}},"14":{"start":{"line":22,"column":8},"end":{"line":24,"column":7}},"15":{"start":{"line":23,"column":8},"end":{"line":23,"column":82}},"16":{"start":{"line":24,"column":8},"end":{"line":26,"column":7}},"17":{"start":{"line":25,"column":8},"end":{"line":25,"column":82}},"18":{"start":{"line":27,"column":6},"end":{"line":27,"column":171}},"19":{"start":{"line":29,"column":4},"end":{"line":29,"column":75}},"20":{"start":{"line":31,"column":2},"end":{"line":31,"column":29}}},"fnMap":{"0":{"name":"(anonymous_0)","decl":{"start":{"line":5,"column":20},"end":{"line":5,"column":21}},"loc":{"start":{"line":5,"column":38},"end":{"line":11,"column":1}},"line":5},"1":{"name":"(anonymous_1)","decl":{"start":{"line":7,"column":42},"end":{"line":7,"column":43}},"loc":{"start":{"line":7,"column":51},"end":{"line":7,"column":126}},"line":7},"2":{"name":"stylish","decl":{"start":{"line":13,"column":9},"end":{"line":13,"column":16}},"loc":{"start":{"line":13,"column":29},"end":{"line":32,"column":1}},"line":13},"3":{"name":"(anonymous_3)","decl":{"start":{"line":14,"column":15},"end":{"line":14,"column":16}},"loc":{"start":{"line":14,"column":42},"end":{"line":30,"column":3}},"line":14},"4":{"name":"(anonymous_4)","decl":{"start":{"line":15,"column":47},"end":{"line":15,"column":48}},"loc":{"start":{"line":15,"column":59},"end":{"line":28,"column":5}},"line":15}},"branchMap":{"0":{"loc":{"start":{"line":6,"column":2},"end":{"line":9,"column":3}},"type":"if","locations":[{"start":{"line":6,"column":2},"end":{"line":9,"column":3}},{"start":{},"end":{}}],"line":6},"1":{"loc":{"start":{"line":17,"column":6},"end":{"line":22,"column":7}},"type":"if","locations":[{"start":{"line":17,"column":6},"end":{"line":22,"column":7}},{"start":{},"end":{}}],"line":17},"2":{"loc":{"start":{"line":18,"column":8},"end":{"line":20,"column":9}},"type":"if","locations":[{"start":{"line":18,"column":8},"end":{"line":20,"column":9}},{"start":{},"end":{}}],"line":18},"3":{"loc":{"start":{"line":22,"column":8},"end":{"line":24,"column":7}},"type":"if","locations":[{"start":{"line":22,"column":8},"end":{"line":24,"column":7}},{"start":{},"end":{}}],"line":22},"4":{"loc":{"start":{"line":24,"column":8},"end":{"line":26,"column":7}},"type":"if","locations":[{"start":{"line":24,"column":8},"end":{"line":26,"column":7}},{"start":{},"end":{}}],"line":24}},"s":{"0":1,"1":1,"2":48,"3":14,"4":18,"5":14,"6":34,"7":2,"8":10,"9":36,"10":36,"11":14,"12":8,"13":6,"14":22,"15":10,"16":12,"17":4,"18":8,"19":10,"20":2},"f":{"0":48,"1":18,"2":2,"3":10,"4":36},"b":{"0":[14,34],"1":[14,22],"2":[8,6],"3":[10,12],"4":[4,8]},"_coverageSchema":"1a1c01bbd47fc00a2c39e90264f33305004495a9","hash":"6ea47bc498258786b0ff2951637f6e9684881267"}
}
