TN:
SF:src/convertToAbsolutePath.js
FN:3,(anonymous_0)
FNF:1
FNH:1
FNDA:2,(anonymous_0)
DA:3,1
DA:4,2
DA:5,2
DA:6,1
DA:8,1
LF:5
LH:5
BRDA:5,0,0,1
BRDA:5,0,1,1
BRF:2
BRH:2
end_of_record
TN:
SF:src/filediff.js
FN:8,genDiff
FNF:1
FNH:1
FNDA:1,genDiff
DA:5,1
DA:6,1
DA:9,1
DA:10,1
DA:11,1
DA:12,1
DA:13,4
DA:14,12
DA:15,1
DA:18,4
DA:19,3
DA:22,1
DA:23,3
DA:24,2
DA:27,1
DA:28,1
LF:16
LH:16
BRDA:14,0,0,1
BRDA:14,0,1,11
BRDA:14,1,0,12
BRDA:14,1,1,2
BRDA:18,2,0,3
BRDA:18,2,1,1
BRDA:23,3,0,2
BRDA:23,3,1,1
BRF:8
BRH:8
end_of_record
