TN:
SF:src/convertToAbsolutePath.js
FN:3,(anonymous_0)
FNF:1
FNH:1
FNDA:6,(anonymous_0)
DA:3,2
DA:4,6
DA:5,6
DA:6,1
DA:8,5
LF:5
LH:5
BRDA:5,0,0,1
BRDA:5,0,1,5
BRF:2
BRH:2
end_of_record
TN:
SF:src/fileParser.js
FN:5,(anonymous_0)
FNF:1
FNH:1
FNDA:4,(anonymous_0)
DA:5,1
DA:6,4
DA:7,2
DA:8,2
DA:9,2
DA:11,0
LF:6
LH:5
BRDA:6,0,0,2
BRDA:6,0,1,2
BRDA:8,1,0,2
BRDA:8,1,1,0
BRDA:8,2,0,2
BRDA:8,2,1,2
BRF:6
BRH:5
end_of_record
TN:
SF:src/filediff.js
FN:8,genDiff
FNF:1
FNH:1
FNDA:10,genDiff
DA:4,1
DA:5,1
DA:6,1
DA:9,10
DA:10,10
DA:11,10
DA:12,10
DA:13,26
DA:14,98
DA:15,24
DA:16,8
DA:19,98
DA:20,6
DA:23,26
DA:24,12
DA:27,10
DA:28,32
DA:29,18
DA:32,10
LF:19
LH:19
BRDA:14,0,0,24
BRDA:14,0,1,74
BRDA:14,1,0,98
BRDA:14,1,1,42
BRDA:15,2,0,8
BRDA:15,2,1,16
BRDA:19,3,0,6
BRDA:19,3,1,92
BRDA:19,4,0,98
BRDA:19,4,1,22
BRDA:23,5,0,12
BRDA:23,5,1,14
BRDA:28,6,0,18
BRDA:28,6,1,14
BRF:14
BRH:14
end_of_record
TN:
SF:src/stylish.js
FN:6,formatter
FNF:1
FNH:1
FNDA:24,formatter
DA:4,1
DA:7,24
DA:8,24
DA:9,24
DA:10,62
DA:11,62
DA:12,30
DA:13,12
DA:15,30
DA:16,8
DA:18,22
DA:20,32
DA:21,14
DA:23,18
DA:26,24
DA:27,24
LF:16
LH:16
BRDA:6,0,0,2
BRDA:11,1,0,30
BRDA:11,1,1,32
BRDA:11,2,0,62
BRDA:11,2,1,44
BRDA:12,3,0,12
BRDA:12,3,1,18
BRDA:15,4,0,8
BRDA:15,4,1,22
BRDA:20,5,0,14
BRDA:20,5,1,18
BRF:11
BRH:11
end_of_record
